-------------------------------------------------------------------------------
Test set: com.graymatter.TestCalculator
-------------------------------------------------------------------------------
Tests run: 6, Failures: 1, Errors: 0, Skipped: 0, Time elapsed: 0.002 s <<< FAILURE! - in com.graymatter.TestCalculator
testArrayEquals(com.graymatter.TestCalculator)  Time elapsed: 0 s  <<< FAILURE!
org.junit.internal.ArrayComparisonFailure: arrays first differed at element [1]; expected:<68> but was:<618>
	at com.graymatter.TestCalculator.testArrayEquals(TestCalculator.java:43)

